[debug] [2022-01-30T13:50:23.875Z] ----------------------------------------------------------------------
[debug] [2022-01-30T13:50:23.877Z] Command:       C:\Users\KUNGA TASHI\.nvm\versions\node\v16.13.0\bin\node.exe C:\Users\KUNGA TASHI\.nvm\versions\node\v16.13.0\bin\node_modules\firebase-tools\lib\bin\firebase.js init
[debug] [2022-01-30T13:50:23.877Z] CLI Version:   10.1.2
[debug] [2022-01-30T13:50:23.877Z] Platform:      win32
[debug] [2022-01-30T13:50:23.877Z] Node Version:  v16.13.0
[debug] [2022-01-30T13:50:23.878Z] Time:          Sun Jan 30 2022 19:20:23 GMT+0530 (India Standard Time)
[debug] [2022-01-30T13:50:23.879Z] ----------------------------------------------------------------------
[debug] 
[debug] [2022-01-30T13:50:23.881Z] >>> [apiv2][query] GET https://firebase-public.firebaseio.com/cli.json [none]
[debug] [2022-01-30T13:50:23.900Z] > command requires scopes: ["email","openid","https://www.googleapis.com/auth/cloudplatformprojects.readonly","https://www.googleapis.com/auth/firebase","https://www.googleapis.com/auth/cloud-platform"]
[debug] [2022-01-30T13:50:23.900Z] > authorizing via signed-in user (kuntashtashi11@gmail.com)
[info] 
     ######## #### ########  ######## ########     ###     ######  ########
     ##        ##  ##     ## ##       ##     ##  ##   ##  ##       ##
     ######    ##  ########  ######   ########  #########  ######  ######
     ##        ##  ##    ##  ##       ##     ## ##     ##       ## ##
     ##       #### ##     ## ######## ########  ##     ##  ######  ########

You're about to initialize a Firebase project in this directory:

  C:\Users\KUNGA TASHI\Desktop\ResoluteAI\Task2\ticketing-system

[debug] [2022-01-30T13:50:24.902Z] <<< [apiv2][status] GET https://firebase-public.firebaseio.com/cli.json 200
[debug] [2022-01-30T13:50:24.902Z] <<< [apiv2][body] GET https://firebase-public.firebaseio.com/cli.json {"cloudBuildErrorAfter":1594252800000,"cloudBuildWarnAfter":1590019200000,"defaultNode10After":1594252800000,"minVersion":"3.0.5","node8DeploysDisabledAfter":1613390400000,"node8RuntimeDisabledAfter":1615809600000,"node8WarnAfter":1600128000000}
